/*C4*/SET SCHEMA PUBLIC
DELETE FROM ITEMORDER WHERE ID=218
COMMIT
DELETE FROM ITEMORDER WHERE ID=217
COMMIT
DELETE FROM ITEMORDER WHERE ID=214
DELETE FROM ITEMORDER WHERE ID=215
DELETE FROM ITEMORDER WHERE ID=216
INSERT INTO ITEMORDER VALUES(214,81,'Ordered',1,1)
INSERT INTO ITEMORDER VALUES(215,45,'Ordered',1,1)
INSERT INTO ITEMORDER VALUES(216,41,'Ordered',11,1)
COMMIT
/*C3*/SET SCHEMA PUBLIC
INSERT INTO ITEMORDER VALUES(219,82,'In Cart',12,1)
COMMIT
DELETE FROM ITEMORDER WHERE ID=219
INSERT INTO ITEMORDER VALUES(219,82,'Ordered',12,1)
COMMIT
/*C4*/INSERT INTO ITEMORDER VALUES(220,24,'In Cart',12,1)
COMMIT
INSERT INTO ITEMORDER VALUES(221,21,'In Cart',12,1)
COMMIT
